{"C:\\Users\\Fabiana Kamo\\Documents\\Solutions Lab\\API-Project\\knexfile.ts": {"path":"C:\\Users\\Fabiana Kamo\\Documents\\Solutions Lab\\API-Project\\knexfile.ts","statementMap":{},"fnMap":{},"branchMap":{},"s":{},"f":{},"b":{},"_coverageSchema":"1a1c01bbd47fc00a2c39e90264f33305004495a9","hash":"9129600a89cb4c19d3078944e32c1fb404c900dd"}
,"C:\\Users\\Fabiana Kamo\\Documents\\Solutions Lab\\API-Project\\src\\server.ts": {"path":"C:\\Users\\Fabiana Kamo\\Documents\\Solutions Lab\\API-Project\\src\\server.ts","statementMap":{"0":{"start":{"line":4,"column":12},"end":{"line":4,"column":21}},"1":{"start":{"line":5,"column":0},"end":{"line":5,"column":24}},"2":{"start":{"line":6,"column":0},"end":{"line":6,"column":24}},"3":{"start":{"line":8,"column":0},"end":{"line":10,"column":3}},"4":{"start":{"line":9,"column":2},"end":{"line":9,"column":54}}},"fnMap":{"0":{"name":"(anonymous_0)","decl":{"start":{"line":8,"column":13},"end":{"line":8,"column":14}},"loc":{"start":{"line":8,"column":46},"end":{"line":10,"column":1}},"line":8}},"branchMap":{},"s":{"0":1,"1":1,"2":1,"3":1,"4":1},"f":{"0":1},"b":{},"_coverageSchema":"1a1c01bbd47fc00a2c39e90264f33305004495a9","hash":"f4581d0d0e939b7864e1eef9ba165637d3336de3"}
,"C:\\Users\\Fabiana Kamo\\Documents\\Solutions Lab\\API-Project\\src\\controllers\\LoginController.ts": {"path":"C:\\Users\\Fabiana Kamo\\Documents\\Solutions Lab\\API-Project\\src\\controllers\\LoginController.ts","statementMap":{"0":{"start":{"line":5,"column":0},"end":{"line":5,"column":16}},"1":{"start":{"line":7,"column":18},"end":{"line":38,"column":1}},"2":{"start":{"line":12,"column":2},"end":{"line":37,"column":3}},"3":{"start":{"line":13,"column":32},"end":{"line":13,"column":44}},"4":{"start":{"line":14,"column":17},"end":{"line":14,"column":49}},"5":{"start":{"line":15,"column":27},"end":{"line":18,"column":5}},"6":{"start":{"line":20,"column":18},"end":{"line":26,"column":5}},"7":{"start":{"line":28,"column":42},"end":{"line":28,"column":46}},"8":{"start":{"line":30,"column":4},"end":{"line":30,"column":65}},"9":{"start":{"line":32,"column":4},"end":{"line":32,"column":33}},"10":{"start":{"line":33,"column":4},"end":{"line":35,"column":5}},"11":{"start":{"line":34,"column":6},"end":{"line":34,"column":35}},"12":{"start":{"line":36,"column":4},"end":{"line":36,"column":14}}},"fnMap":{"0":{"name":"(anonymous_0)","decl":{"start":{"line":7,"column":18},"end":{"line":7,"column":19}},"loc":{"start":{"line":11,"column":5},"end":{"line":38,"column":1}},"line":11}},"branchMap":{"0":{"loc":{"start":{"line":22,"column":6},"end":{"line":22,"column":36}},"type":"binary-expr","locations":[{"start":{"line":22,"column":6},"end":{"line":22,"column":30}},{"start":{"line":22,"column":34},"end":{"line":22,"column":36}}],"line":22},"1":{"loc":{"start":{"line":33,"column":4},"end":{"line":35,"column":5}},"type":"if","locations":[{"start":{"line":33,"column":4},"end":{"line":35,"column":5}},{"start":{},"end":{}}],"line":33}},"s":{"0":1,"1":1,"2":0,"3":0,"4":0,"5":0,"6":0,"7":0,"8":0,"9":0,"10":0,"11":0,"12":0},"f":{"0":0},"b":{"0":[0,0],"1":[0,0]},"_coverageSchema":"1a1c01bbd47fc00a2c39e90264f33305004495a9","hash":"fd2bd0b8ffd2c9c639b8857e77ab382ea827d873"}
,"C:\\Users\\Fabiana Kamo\\Documents\\Solutions Lab\\API-Project\\src\\controllers\\UserController.ts": {"path":"C:\\Users\\Fabiana Kamo\\Documents\\Solutions Lab\\API-Project\\src\\controllers\\UserController.ts","statementMap":{"0":{"start":{"line":4,"column":19},"end":{"line":15,"column":1}},"1":{"start":{"line":9,"column":2},"end":{"line":14,"column":3}},"2":{"start":{"line":10,"column":4},"end":{"line":10,"column":47}},"3":{"start":{"line":11,"column":4},"end":{"line":11,"column":66}},"4":{"start":{"line":13,"column":4},"end":{"line":13,"column":16}},"5":{"start":{"line":17,"column":19},"end":{"line":36,"column":1}},"6":{"start":{"line":22,"column":28},"end":{"line":22,"column":43}},"7":{"start":{"line":23,"column":2},"end":{"line":35,"column":3}},"8":{"start":{"line":24,"column":4},"end":{"line":26,"column":5}},"9":{"start":{"line":25,"column":6},"end":{"line":25,"column":40}},"10":{"start":{"line":28,"column":17},"end":{"line":28,"column":65}},"11":{"start":{"line":30,"column":46},"end":{"line":30,"column":50}},"12":{"start":{"line":31,"column":4},"end":{"line":31,"column":52}},"13":{"start":{"line":33,"column":4},"end":{"line":33,"column":33}},"14":{"start":{"line":34,"column":4},"end":{"line":34,"column":16}}},"fnMap":{"0":{"name":"(anonymous_0)","decl":{"start":{"line":4,"column":19},"end":{"line":4,"column":20}},"loc":{"start":{"line":8,"column":5},"end":{"line":15,"column":1}},"line":8},"1":{"name":"(anonymous_1)","decl":{"start":{"line":17,"column":19},"end":{"line":17,"column":20}},"loc":{"start":{"line":21,"column":5},"end":{"line":36,"column":1}},"line":21}},"branchMap":{"0":{"loc":{"start":{"line":24,"column":4},"end":{"line":26,"column":5}},"type":"if","locations":[{"start":{"line":24,"column":4},"end":{"line":26,"column":5}},{"start":{},"end":{}}],"line":24}},"s":{"0":1,"1":1,"2":1,"3":1,"4":0,"5":1,"6":0,"7":0,"8":0,"9":0,"10":0,"11":0,"12":0,"13":0,"14":0},"f":{"0":1,"1":0},"b":{"0":[0,0]},"_coverageSchema":"1a1c01bbd47fc00a2c39e90264f33305004495a9","hash":"97034d3794c7a14109d0fc63f1376a8b0a365c95"}
,"C:\\Users\\Fabiana Kamo\\Documents\\Solutions Lab\\API-Project\\src\\database\\index.ts": {"path":"C:\\Users\\Fabiana Kamo\\Documents\\Solutions Lab\\API-Project\\src\\database\\index.ts","statementMap":{"0":{"start":{"line":4,"column":13},"end":{"line":4,"column":39}}},"fnMap":{},"branchMap":{},"s":{"0":1},"f":{},"b":{},"_coverageSchema":"1a1c01bbd47fc00a2c39e90264f33305004495a9","hash":"5758c34766ea51bddbbb966a2dc9b7e11acd3688"}
,"C:\\Users\\Fabiana Kamo\\Documents\\Solutions Lab\\API-Project\\src\\helpers\\index.ts": {"path":"C:\\Users\\Fabiana Kamo\\Documents\\Solutions Lab\\API-Project\\src\\helpers\\index.ts","statementMap":{"0":{"start":{"line":5,"column":23},"end":{"line":9,"column":1}},"1":{"start":{"line":6,"column":15},"end":{"line":6,"column":17}},"2":{"start":{"line":7,"column":28},"end":{"line":7,"column":61}},"3":{"start":{"line":8,"column":2},"end":{"line":8,"column":27}},"4":{"start":{"line":11,"column":26},"end":{"line":17,"column":1}},"5":{"start":{"line":12,"column":27},"end":{"line":12,"column":70}},"6":{"start":{"line":13,"column":2},"end":{"line":15,"column":3}},"7":{"start":{"line":14,"column":4},"end":{"line":14,"column":39}},"8":{"start":{"line":16,"column":2},"end":{"line":16,"column":26}}},"fnMap":{"0":{"name":"(anonymous_0)","decl":{"start":{"line":5,"column":23},"end":{"line":5,"column":24}},"loc":{"start":{"line":5,"column":51},"end":{"line":9,"column":1}},"line":5},"1":{"name":"(anonymous_1)","decl":{"start":{"line":11,"column":26},"end":{"line":11,"column":27}},"loc":{"start":{"line":11,"column":75},"end":{"line":17,"column":1}},"line":11}},"branchMap":{"0":{"loc":{"start":{"line":13,"column":2},"end":{"line":15,"column":3}},"type":"if","locations":[{"start":{"line":13,"column":2},"end":{"line":15,"column":3}},{"start":{},"end":{}}],"line":13}},"s":{"0":1,"1":1,"2":1,"3":1,"4":1,"5":0,"6":0,"7":0,"8":0},"f":{"0":1,"1":0},"b":{"0":[0,0]},"_coverageSchema":"1a1c01bbd47fc00a2c39e90264f33305004495a9","hash":"59a29a00bfeb87ec8336e713215f4fe1ce1bf111"}
,"C:\\Users\\Fabiana Kamo\\Documents\\Solutions Lab\\API-Project\\src\\middleware\\Validation.ts": {"path":"C:\\Users\\Fabiana Kamo\\Documents\\Solutions Lab\\API-Project\\src\\middleware\\Validation.ts","statementMap":{"0":{"start":{"line":5,"column":0},"end":{"line":5,"column":16}},"1":{"start":{"line":11,"column":18},"end":{"line":11,"column":61}},"2":{"start":{"line":12,"column":23},"end":{"line":14,"column":1}},"3":{"start":{"line":16,"column":23},"end":{"line":55,"column":1}},"4":{"start":{"line":21,"column":2},"end":{"line":54,"column":3}},"5":{"start":{"line":22,"column":23},"end":{"line":39,"column":6}},"6":{"start":{"line":41,"column":4},"end":{"line":41,"column":44}},"7":{"start":{"line":43,"column":4},"end":{"line":43,"column":11}},"8":{"start":{"line":45,"column":4},"end":{"line":45,"column":33}},"9":{"start":{"line":46,"column":4},"end":{"line":48,"column":5}},"10":{"start":{"line":47,"column":6},"end":{"line":47,"column":35}},"11":{"start":{"line":53,"column":4},"end":{"line":53,"column":16}},"12":{"start":{"line":57,"column":22},"end":{"line":81,"column":1}},"13":{"start":{"line":62,"column":28},"end":{"line":62,"column":43}},"14":{"start":{"line":63,"column":2},"end":{"line":80,"column":3}},"15":{"start":{"line":64,"column":18},"end":{"line":64,"column":46}},"16":{"start":{"line":66,"column":22},"end":{"line":69,"column":19}},"17":{"start":{"line":71,"column":4},"end":{"line":73,"column":5}},"18":{"start":{"line":72,"column":6},"end":{"line":72,"column":40}},"19":{"start":{"line":75,"column":4},"end":{"line":75,"column":34}},"20":{"start":{"line":77,"column":4},"end":{"line":77,"column":11}},"21":{"start":{"line":79,"column":4},"end":{"line":79,"column":16}}},"fnMap":{"0":{"name":"(anonymous_0)","decl":{"start":{"line":16,"column":23},"end":{"line":16,"column":24}},"loc":{"start":{"line":20,"column":5},"end":{"line":55,"column":1}},"line":20},"1":{"name":"(anonymous_1)","decl":{"start":{"line":57,"column":22},"end":{"line":57,"column":23}},"loc":{"start":{"line":61,"column":5},"end":{"line":81,"column":1}},"line":61}},"branchMap":{"0":{"loc":{"start":{"line":46,"column":4},"end":{"line":48,"column":5}},"type":"if","locations":[{"start":{"line":46,"column":4},"end":{"line":48,"column":5}},{"start":{},"end":{}}],"line":46},"1":{"loc":{"start":{"line":68,"column":6},"end":{"line":68,"column":36}},"type":"binary-expr","locations":[{"start":{"line":68,"column":6},"end":{"line":68,"column":30}},{"start":{"line":68,"column":34},"end":{"line":68,"column":36}}],"line":68},"2":{"loc":{"start":{"line":71,"column":4},"end":{"line":73,"column":5}},"type":"if","locations":[{"start":{"line":71,"column":4},"end":{"line":73,"column":5}},{"start":{},"end":{}}],"line":71}},"s":{"0":1,"1":1,"2":1,"3":1,"4":1,"5":1,"6":1,"7":1,"8":0,"9":0,"10":0,"11":0,"12":1,"13":0,"14":0,"15":0,"16":0,"17":0,"18":0,"19":0,"20":0,"21":0},"f":{"0":1,"1":0},"b":{"0":[0,0],"1":[0,0],"2":[0,0]},"_coverageSchema":"1a1c01bbd47fc00a2c39e90264f33305004495a9","hash":"b7491d30ddbf12abb018928c697974762230be74"}
,"C:\\Users\\Fabiana Kamo\\Documents\\Solutions Lab\\API-Project\\src\\repositories\\UserRepository.ts": {"path":"C:\\Users\\Fabiana Kamo\\Documents\\Solutions Lab\\API-Project\\src\\repositories\\UserRepository.ts","statementMap":{"0":{"start":{"line":4,"column":18},"end":{"line":19,"column":1}},"1":{"start":{"line":5,"column":2},"end":{"line":18,"column":3}},"2":{"start":{"line":6,"column":23},"end":{"line":6,"column":52}},"3":{"start":{"line":7,"column":4},"end":{"line":9,"column":5}},"4":{"start":{"line":8,"column":6},"end":{"line":8,"column":41}},"5":{"start":{"line":11,"column":4},"end":{"line":15,"column":7}},"6":{"start":{"line":17,"column":4},"end":{"line":17,"column":16}},"7":{"start":{"line":21,"column":20},"end":{"line":29,"column":1}},"8":{"start":{"line":22,"column":22},"end":{"line":26,"column":12}},"9":{"start":{"line":28,"column":2},"end":{"line":28,"column":21}}},"fnMap":{"0":{"name":"(anonymous_0)","decl":{"start":{"line":4,"column":18},"end":{"line":4,"column":19}},"loc":{"start":{"line":4,"column":44},"end":{"line":19,"column":1}},"line":4},"1":{"name":"(anonymous_1)","decl":{"start":{"line":21,"column":20},"end":{"line":21,"column":21}},"loc":{"start":{"line":21,"column":45},"end":{"line":29,"column":1}},"line":21}},"branchMap":{"0":{"loc":{"start":{"line":7,"column":4},"end":{"line":9,"column":5}},"type":"if","locations":[{"start":{"line":7,"column":4},"end":{"line":9,"column":5}},{"start":{},"end":{}}],"line":7}},"s":{"0":1,"1":0,"2":0,"3":0,"4":0,"5":0,"6":0,"7":1,"8":0,"9":0},"f":{"0":0,"1":0},"b":{"0":[0,0]},"_coverageSchema":"1a1c01bbd47fc00a2c39e90264f33305004495a9","hash":"7748deda50d3e0d644ce27f551582230ce1d0949"}
,"C:\\Users\\Fabiana Kamo\\Documents\\Solutions Lab\\API-Project\\src\\routes\\routes.ts": {"path":"C:\\Users\\Fabiana Kamo\\Documents\\Solutions Lab\\API-Project\\src\\routes\\routes.ts","statementMap":{"0":{"start":{"line":6,"column":23},"end":{"line":6,"column":31}},"1":{"start":{"line":8,"column":0},"end":{"line":8,"column":71}},"2":{"start":{"line":9,"column":0},"end":{"line":9,"column":49}},"3":{"start":{"line":10,"column":0},"end":{"line":10,"column":76}}},"fnMap":{},"branchMap":{},"s":{"0":1,"1":1,"2":1,"3":1},"f":{},"b":{},"_coverageSchema":"1a1c01bbd47fc00a2c39e90264f33305004495a9","hash":"56e30b052b7356734309fd70421555c2547d7b47"}
,"C:\\Users\\Fabiana Kamo\\Documents\\Solutions Lab\\API-Project\\src\\services\\UserService.ts": {"path":"C:\\Users\\Fabiana Kamo\\Documents\\Solutions Lab\\API-Project\\src\\services\\UserService.ts","statementMap":{"0":{"start":{"line":10,"column":19},"end":{"line":21,"column":1}},"1":{"start":{"line":11,"column":2},"end":{"line":20,"column":3}},"2":{"start":{"line":12,"column":28},"end":{"line":12,"column":65}},"3":{"start":{"line":13,"column":4},"end":{"line":17,"column":7}},"4":{"start":{"line":19,"column":4},"end":{"line":19,"column":16}},"5":{"start":{"line":23,"column":16},"end":{"line":30,"column":1}},"6":{"start":{"line":24,"column":18},"end":{"line":24,"column":57}},"7":{"start":{"line":26,"column":2},"end":{"line":28,"column":3}},"8":{"start":{"line":27,"column":4},"end":{"line":27,"column":52}},"9":{"start":{"line":29,"column":2},"end":{"line":29,"column":17}},"10":{"start":{"line":32,"column":20},"end":{"line":39,"column":1}},"11":{"start":{"line":33,"column":27},"end":{"line":36,"column":3}},"12":{"start":{"line":38,"column":2},"end":{"line":38,"column":26}}},"fnMap":{"0":{"name":"(anonymous_0)","decl":{"start":{"line":10,"column":19},"end":{"line":10,"column":20}},"loc":{"start":{"line":10,"column":66},"end":{"line":21,"column":1}},"line":10},"1":{"name":"(anonymous_1)","decl":{"start":{"line":23,"column":16},"end":{"line":23,"column":17}},"loc":{"start":{"line":23,"column":41},"end":{"line":30,"column":1}},"line":23},"2":{"name":"(anonymous_2)","decl":{"start":{"line":32,"column":20},"end":{"line":32,"column":21}},"loc":{"start":{"line":32,"column":69},"end":{"line":39,"column":1}},"line":32}},"branchMap":{"0":{"loc":{"start":{"line":26,"column":2},"end":{"line":28,"column":3}},"type":"if","locations":[{"start":{"line":26,"column":2},"end":{"line":28,"column":3}},{"start":{},"end":{}}],"line":26}},"s":{"0":1,"1":1,"2":1,"3":1,"4":0,"5":1,"6":0,"7":0,"8":0,"9":0,"10":1,"11":0,"12":0},"f":{"0":1,"1":0,"2":0},"b":{"0":[0,0]},"_coverageSchema":"1a1c01bbd47fc00a2c39e90264f33305004495a9","hash":"cd84da6e283f9c4f6946d38dd4fb1172a9e998c8"}
}
